0 info it worked if it ends with ok
1 verbose cli [ '/usr/local/Cellar/node/5.4.0/bin/node',
1 verbose cli   '/usr/local/bin/npm',
1 verbose cli   'run',
1 verbose cli   'lint' ]
2 info using npm@3.3.12
3 info using node@v5.4.0
4 verbose run-script [ 'prelint', 'lint', 'postlint' ]
5 info lifecycle nexrender@0.4.0~prelint: nexrender@0.4.0
6 silly lifecycle nexrender@0.4.0~prelint: no script for prelint, continuing
7 info lifecycle nexrender@0.4.0~lint: nexrender@0.4.0
8 verbose lifecycle nexrender@0.4.0~lint: unsafe-perm in lifecycle true
9 verbose lifecycle nexrender@0.4.0~lint: PATH: /usr/local/lib/node_modules/npm/bin/node-gyp-bin:/Users/Inlife/Projects/noxcaos-render/nexrender/node_modules/.bin:/Applications/Cocos/tools/ant/bin:/Applications/Cocos/frameworks:/Applications/Cocos/frameworks/cocos2d-x-3.9/tools/cocos2d-console/bin:/usr/local/bin:/usr/bin:/bin:/usr/sbin:/sbin:/Users/Inlife/.go/bin
10 verbose lifecycle nexrender@0.4.0~lint: CWD: /Users/Inlife/Projects/noxcaos-render/nexrender
11 silly lifecycle nexrender@0.4.0~lint: Args: [ '-c', 'eslint .' ]
12 silly lifecycle nexrender@0.4.0~lint: Returned: code: 1  signal: null
13 info lifecycle nexrender@0.4.0~lint: Failed to exec lint script
14 verbose stack Error: nexrender@0.4.0 lint: `eslint .`
14 verbose stack Exit status 1
14 verbose stack     at EventEmitter.<anonymous> (/usr/local/lib/node_modules/npm/lib/utils/lifecycle.js:232:16)
14 verbose stack     at emitTwo (events.js:87:13)
14 verbose stack     at EventEmitter.emit (events.js:172:7)
14 verbose stack     at ChildProcess.<anonymous> (/usr/local/lib/node_modules/npm/lib/utils/spawn.js:24:14)
14 verbose stack     at emitTwo (events.js:87:13)
14 verbose stack     at ChildProcess.emit (events.js:172:7)
14 verbose stack     at maybeClose (internal/child_process.js:821:16)
14 verbose stack     at Process.ChildProcess._handle.onexit (internal/child_process.js:211:5)
15 verbose pkgid nexrender@0.4.0
16 verbose cwd /Users/Inlife/Projects/noxcaos-render/nexrender
17 error Darwin 15.3.0
18 error argv "/usr/local/Cellar/node/5.4.0/bin/node" "/usr/local/bin/npm" "run" "lint"
19 error node v5.4.0
20 error npm  v3.3.12
21 error code ELIFECYCLE
22 error nexrender@0.4.0 lint: `eslint .`
22 error Exit status 1
23 error Failed at the nexrender@0.4.0 lint script 'eslint .'.
23 error Make sure you have the latest version of node.js and npm installed.
23 error If you do, this is most likely a problem with the nexrender package,
23 error not with npm itself.
23 error Tell the author that this fails on your system:
23 error     eslint .
23 error You can get their info via:
23 error     npm owner ls nexrender
23 error There is likely additional logging output above.
24 verbose exit [ 1, true ]
